Started on Dec 3, 2022, 5:46:06 AM
Started by event from 140.82.115.153 ⇒ http://13.231.140.81:8080/github-webhook/ on Sat Dec 03 05:46:06 UTC 2022
Using strategy: Default
[poll] Last Built Revision: Revision f71b6c8f76335cafe3a8c60e8205ccc01732e016 (refs/remotes/origin/master)
Selected Git installation does not exist. Using Default
The recommended git tool is: NONE
No credentials specified
 > git --version # timeout=10
 > git --version # 'git version 2.34.1'
 > git ls-remote -h -- https://github.com/jnanaswaroop/hello-world-war.git # timeout=10
Found 2 remote heads on https://github.com/jnanaswaroop/hello-world-war.git
[poll] Latest remote head revision on refs/heads/master is: 41738c820a23fc748f0348cf9eb4ae3c63dd7324
Using strategy: Default
[poll] Last Built Revision: Revision f71b6c8f76335cafe3a8c60e8205ccc01732e016 (refs/remotes/origin/master)
Selected Git installation does not exist. Using Default
The recommended git tool is: NONE
No credentials specified
 > git --version # timeout=10
 > git --version # 'git version 2.34.1'
 > git ls-remote -h -- https://github.com/jnanaswaroop/hello-world-war.git # timeout=10
Found 2 remote heads on https://github.com/jnanaswaroop/hello-world-war.git
[poll] Latest remote head revision on refs/heads/master is: 41738c820a23fc748f0348cf9eb4ae3c63dd7324
Done. Took 1 sec
Changes found
