Started at Sat Dec 03 06:58:00 UTC 2022
Processing maventomcat
Offering maventomcat to Project Build Discarder
Processing my last job
Offering my last job to Project Build Discarder
Processing my_declarative_pipeline_project_private_repo
Offering my_declarative_pipeline_project_private_repo to Project Build Discarder
Processing my_eight_project
Offering my_eight_project to Project Build Discarder
Processing my_fifth_declarative_pipeline_diff_server_Manual_Parameterized_Plugin
Offering my_fifth_declarative_pipeline_diff_server_Manual_Parameterized_Plugin to Project Build Discarder
Processing my_fifth_job_jenkins_webhook
Offering my_fifth_job_jenkins_webhook to Project Build Discarder
Processing my_first_declarative_pipeline
Offering my_first_declarative_pipeline to Project Build Discarder
Processing my_first_job
Offering my_first_job to Project Build Discarder
Processing my_first_scripted_pipeline
Offering my_first_scripted_pipeline to Project Build Discarder
Processing my_fourth_declarative_pipeline_diff_server
Offering my_fourth_declarative_pipeline_diff_server to Project Build Discarder
Processing my_fourth_job
Offering my_fourth_job to Project Build Discarder
Processing my_ninth_job_tomcatmaven
Offering my_ninth_job_tomcatmaven to Project Build Discarder
Processing my_second_declarative_pipeline
Offering my_second_declarative_pipeline to Project Build Discarder
Processing my_second_gitrepo_job
Offering my_second_gitrepo_job to Project Build Discarder
Processing my_seventh_job
Offering my_seventh_job to Project Build Discarder
Processing my_sixth_job
Offering my_sixth_job to Project Build Discarder
Processing My_third_declarative_pipeline
Offering My_third_declarative_pipeline to Project Build Discarder
Processing my_third_job
Offering my_third_job to Project Build Discarder
Processing tomcatinstall
Offering tomcatinstall to Project Build Discarder
Processing mymultibranchproject/master
Offering mymultibranchproject/master to Project Build Discarder
Processing mymultibranchproject/swaroop
Offering mymultibranchproject/swaroop to Project Build Discarder
Finished at Sat Dec 03 06:58:00 UTC 2022. 15ms
Started at Sat Dec 03 07:58:00 UTC 2022
Processing maventomcat
Offering maventomcat to Project Build Discarder
Processing my last job
Offering my last job to Project Build Discarder
Processing my_declarative_pipeline_project_private_repo
Offering my_declarative_pipeline_project_private_repo to Project Build Discarder
Processing my_eight_project
Offering my_eight_project to Project Build Discarder
Processing my_fifth_declarative_pipeline_diff_server_Manual_Parameterized_Plugin
Offering my_fifth_declarative_pipeline_diff_server_Manual_Parameterized_Plugin to Project Build Discarder
Processing my_fifth_job_jenkins_webhook
Offering my_fifth_job_jenkins_webhook to Project Build Discarder
Processing my_first_declarative_pipeline
Offering my_first_declarative_pipeline to Project Build Discarder
Processing my_first_job
Offering my_first_job to Project Build Discarder
Processing my_first_scripted_pipeline
Offering my_first_scripted_pipeline to Project Build Discarder
Processing my_fourth_declarative_pipeline_diff_server
Offering my_fourth_declarative_pipeline_diff_server to Project Build Discarder
Processing my_fourth_job
Offering my_fourth_job to Project Build Discarder
Processing my_ninth_job_tomcatmaven
Offering my_ninth_job_tomcatmaven to Project Build Discarder
Processing my_second_declarative_pipeline
Offering my_second_declarative_pipeline to Project Build Discarder
Processing my_second_gitrepo_job
Offering my_second_gitrepo_job to Project Build Discarder
Processing my_seventh_job
Offering my_seventh_job to Project Build Discarder
Processing my_sixth_job
Offering my_sixth_job to Project Build Discarder
Processing My_third_declarative_pipeline
Offering My_third_declarative_pipeline to Project Build Discarder
Processing my_third_job
Offering my_third_job to Project Build Discarder
Processing tomcatinstall
Offering tomcatinstall to Project Build Discarder
Processing mymultibranchproject/master
Offering mymultibranchproject/master to Project Build Discarder
Processing mymultibranchproject/swaroop
Offering mymultibranchproject/swaroop to Project Build Discarder
Finished at Sat Dec 03 07:58:00 UTC 2022. 4ms
Started at Sat Dec 03 08:58:00 UTC 2022
Processing maventomcat
Offering maventomcat to Project Build Discarder
Processing my last job
Offering my last job to Project Build Discarder
Processing my_declarative_pipeline_project_private_repo
Offering my_declarative_pipeline_project_private_repo to Project Build Discarder
Processing my_eight_project
Offering my_eight_project to Project Build Discarder
Processing my_fifth_declarative_pipeline_diff_server_Manual_Parameterized_Plugin
Offering my_fifth_declarative_pipeline_diff_server_Manual_Parameterized_Plugin to Project Build Discarder
Processing my_fifth_job_jenkins_webhook
Offering my_fifth_job_jenkins_webhook to Project Build Discarder
Processing my_first_declarative_pipeline
Offering my_first_declarative_pipeline to Project Build Discarder
Processing my_first_job
Offering my_first_job to Project Build Discarder
Processing my_first_scripted_pipeline
Offering my_first_scripted_pipeline to Project Build Discarder
Processing my_fourth_declarative_pipeline_diff_server
Offering my_fourth_declarative_pipeline_diff_server to Project Build Discarder
Processing my_fourth_job
Offering my_fourth_job to Project Build Discarder
Processing my_ninth_job_tomcatmaven
Offering my_ninth_job_tomcatmaven to Project Build Discarder
Processing my_second_declarative_pipeline
Offering my_second_declarative_pipeline to Project Build Discarder
Processing my_second_gitrepo_job
Offering my_second_gitrepo_job to Project Build Discarder
Processing my_seventh_job
Offering my_seventh_job to Project Build Discarder
Processing my_sixth_job
Offering my_sixth_job to Project Build Discarder
Processing My_third_declarative_pipeline
Offering My_third_declarative_pipeline to Project Build Discarder
Processing my_third_job
Offering my_third_job to Project Build Discarder
Processing tomcatinstall
Offering tomcatinstall to Project Build Discarder
Processing mymultibranchproject/master
Offering mymultibranchproject/master to Project Build Discarder
Processing mymultibranchproject/swaroop
Offering mymultibranchproject/swaroop to Project Build Discarder
Finished at Sat Dec 03 08:58:00 UTC 2022. 3ms
Started at Sat Dec 03 09:58:00 UTC 2022
Processing maventomcat
Offering maventomcat to Project Build Discarder
Processing my last job
Offering my last job to Project Build Discarder
Processing my_declarative_pipeline_project_private_repo
Offering my_declarative_pipeline_project_private_repo to Project Build Discarder
Processing my_eight_project
Offering my_eight_project to Project Build Discarder
Processing my_fifth_declarative_pipeline_diff_server_Manual_Parameterized_Plugin
Offering my_fifth_declarative_pipeline_diff_server_Manual_Parameterized_Plugin to Project Build Discarder
Processing my_fifth_job_jenkins_webhook
Offering my_fifth_job_jenkins_webhook to Project Build Discarder
Processing my_first_declarative_pipeline
Offering my_first_declarative_pipeline to Project Build Discarder
Processing my_first_job
Offering my_first_job to Project Build Discarder
Processing my_first_scripted_pipeline
Offering my_first_scripted_pipeline to Project Build Discarder
Processing my_fourth_declarative_pipeline_diff_server
Offering my_fourth_declarative_pipeline_diff_server to Project Build Discarder
Processing my_fourth_job
Offering my_fourth_job to Project Build Discarder
Processing my_ninth_job_tomcatmaven
Offering my_ninth_job_tomcatmaven to Project Build Discarder
Processing my_second_declarative_pipeline
Offering my_second_declarative_pipeline to Project Build Discarder
Processing my_second_gitrepo_job
Offering my_second_gitrepo_job to Project Build Discarder
Processing my_seventh_job
Offering my_seventh_job to Project Build Discarder
Processing my_sixth_job
Offering my_sixth_job to Project Build Discarder
Processing My_third_declarative_pipeline
Offering My_third_declarative_pipeline to Project Build Discarder
Processing my_third_job
Offering my_third_job to Project Build Discarder
Processing tomcatinstall
Offering tomcatinstall to Project Build Discarder
Processing mymultibranchproject/master
Offering mymultibranchproject/master to Project Build Discarder
Processing mymultibranchproject/swaroop
Offering mymultibranchproject/swaroop to Project Build Discarder
Finished at Sat Dec 03 09:58:00 UTC 2022. 1ms
Started at Sat Dec 03 10:58:00 UTC 2022
Processing maventomcat
Offering maventomcat to Project Build Discarder
Processing my last job
Offering my last job to Project Build Discarder
Processing my_declarative_pipeline_project_private_repo
Offering my_declarative_pipeline_project_private_repo to Project Build Discarder
Processing my_eight_project
Offering my_eight_project to Project Build Discarder
Processing my_fifth_declarative_pipeline_diff_server_Manual_Parameterized_Plugin
Offering my_fifth_declarative_pipeline_diff_server_Manual_Parameterized_Plugin to Project Build Discarder
Processing my_fifth_job_jenkins_webhook
Offering my_fifth_job_jenkins_webhook to Project Build Discarder
Processing my_first_declarative_pipeline
Offering my_first_declarative_pipeline to Project Build Discarder
Processing my_first_job
Offering my_first_job to Project Build Discarder
Processing my_first_scripted_pipeline
Offering my_first_scripted_pipeline to Project Build Discarder
Processing my_fourth_declarative_pipeline_diff_server
Offering my_fourth_declarative_pipeline_diff_server to Project Build Discarder
Processing my_fourth_job
Offering my_fourth_job to Project Build Discarder
Processing my_ninth_job_tomcatmaven
Offering my_ninth_job_tomcatmaven to Project Build Discarder
Processing my_second_declarative_pipeline
Offering my_second_declarative_pipeline to Project Build Discarder
Processing my_second_gitrepo_job
Offering my_second_gitrepo_job to Project Build Discarder
Processing my_seventh_job
Offering my_seventh_job to Project Build Discarder
Processing my_sixth_job
Offering my_sixth_job to Project Build Discarder
Processing My_third_declarative_pipeline
Offering My_third_declarative_pipeline to Project Build Discarder
Processing my_third_job
Offering my_third_job to Project Build Discarder
Processing tomcatinstall
Offering tomcatinstall to Project Build Discarder
Processing mymultibranchproject/master
Offering mymultibranchproject/master to Project Build Discarder
Processing mymultibranchproject/swaroop
Offering mymultibranchproject/swaroop to Project Build Discarder
Finished at Sat Dec 03 10:58:00 UTC 2022. 5ms
Started at Sat Dec 03 11:58:00 UTC 2022
Processing maventomcat
Offering maventomcat to Project Build Discarder
Processing my last job
Offering my last job to Project Build Discarder
Processing my_declarative_pipeline_project_private_repo
Offering my_declarative_pipeline_project_private_repo to Project Build Discarder
Processing my_eight_project
Offering my_eight_project to Project Build Discarder
Processing my_fifth_declarative_pipeline_diff_server_Manual_Parameterized_Plugin
Offering my_fifth_declarative_pipeline_diff_server_Manual_Parameterized_Plugin to Project Build Discarder
Processing my_fifth_job_jenkins_webhook
Offering my_fifth_job_jenkins_webhook to Project Build Discarder
Processing my_first_declarative_pipeline
Offering my_first_declarative_pipeline to Project Build Discarder
Processing my_first_job
Offering my_first_job to Project Build Discarder
Processing my_first_scripted_pipeline
Offering my_first_scripted_pipeline to Project Build Discarder
Processing my_fourth_declarative_pipeline_diff_server
Offering my_fourth_declarative_pipeline_diff_server to Project Build Discarder
Processing my_fourth_job
Offering my_fourth_job to Project Build Discarder
Processing my_ninth_job_tomcatmaven
Offering my_ninth_job_tomcatmaven to Project Build Discarder
Processing my_second_declarative_pipeline
Offering my_second_declarative_pipeline to Project Build Discarder
Processing my_second_gitrepo_job
Offering my_second_gitrepo_job to Project Build Discarder
Processing my_seventh_job
Offering my_seventh_job to Project Build Discarder
Processing my_sixth_job
Offering my_sixth_job to Project Build Discarder
Processing My_third_declarative_pipeline
Offering My_third_declarative_pipeline to Project Build Discarder
Processing my_third_job
Offering my_third_job to Project Build Discarder
Processing tomcatinstall
Offering tomcatinstall to Project Build Discarder
Processing mymultibranchproject/master
Offering mymultibranchproject/master to Project Build Discarder
Processing mymultibranchproject/swaroop
Offering mymultibranchproject/swaroop to Project Build Discarder
Finished at Sat Dec 03 11:58:00 UTC 2022. 7ms
