Started at Fri Dec 02 13:00:28 UTC 2022
Checking maventomcat
Checking my last job
Checking my_declarative_pipeline_project_private_repo
Checking my_eight_project
Checking my_fifth_job_jenkins_webhook
Checking my_first_declarative_pipeline
Checking my_first_job
Checking my_first_scripted_pipeline
Checking my_fourth_declarative_pipeline_diff_server
Checking my_fourth_job
Checking my_ninth_job_tomcatmaven
Checking my_second_declarative_pipeline
Checking my_second_gitrepo_job
Checking my_seventh_job
Checking my_sixth_job
Checking My_third_declarative_pipeline
Checking my_third_job
Checking tomcatinstall
Finished at Fri Dec 02 13:00:28 UTC 2022. 247ms
