Started on Dec 3, 2022, 5:20:58 AM
Started by event from 140.82.115.117 ⇒ http://13.231.140.81:8080/github-webhook/ on Sat Dec 03 05:20:58 UTC 2022
Using strategy: Default
[poll] Last Built Revision: Revision 55b0e96db2c362a6c04e079eded3442d16e02b59 (refs/remotes/origin/master)
Selected Git installation does not exist. Using Default
The recommended git tool is: NONE
No credentials specified
 > git --version # timeout=10
 > git --version # 'git version 2.34.1'
 > git ls-remote -h -- https://github.com/jnanaswaroop/hello-world-war.git # timeout=10
Found 2 remote heads on https://github.com/jnanaswaroop/hello-world-war.git
[poll] Latest remote head revision on refs/heads/master is: e2398d923c2cd96532b8bcc00b0efd6b2b73ade0
Using strategy: Default
[poll] Last Built Revision: Revision 55b0e96db2c362a6c04e079eded3442d16e02b59 (refs/remotes/origin/master)
Selected Git installation does not exist. Using Default
The recommended git tool is: NONE
No credentials specified
 > git --version # timeout=10
 > git --version # 'git version 2.34.1'
 > git ls-remote -h -- https://github.com/jnanaswaroop/hello-world-war.git # timeout=10
Found 2 remote heads on https://github.com/jnanaswaroop/hello-world-war.git
[poll] Latest remote head revision on refs/heads/master is: e2398d923c2cd96532b8bcc00b0efd6b2b73ade0
Done. Took 1 sec
Changes found
